  bullet.cpp
c:\users\kuror\onedrive\documents\h\hew_sample04\main.h(4): fatal error C1083: include ファイルを開けません。'd3dx9.h':No such file or directory
  collision.cpp
c:\users\kuror\onedrive\documents\h\hew_sample04\collision.h(3): fatal error C1083: include ファイルを開けません。'd3dx9.h':No such file or directory
  enemy.cpp
c:\users\kuror\onedrive\documents\h\hew_sample04\collision.h(3): fatal error C1083: include ファイルを開けません。'd3dx9.h':No such file or directory
  enemybullet.cpp
c:\users\kuror\onedrive\documents\h\hew_sample04\main.h(4): fatal error C1083: include ファイルを開けません。'd3dx9.h':No such file or directory
  enemylaser.cpp
c:\users\kuror\onedrive\documents\h\hew_sample04\main.h(4): fatal error C1083: include ファイルを開けません。'd3dx9.h':No such file or directory
  explosion.cpp
  fade.cpp
c:\users\kuror\onedrive\documents\h\hew_sample04\main.h(4): fatal error C1083: include ファイルを開けません。'd3dx9.h':No such file or directory
  game.cpp
c:\users\kuror\onedrive\documents\h\hew_sample04\collision.h(3): fatal error C1083: include ファイルを開けません。'd3dx9.h':No such file or directory
  input.cpp
  main.cpp
c:\users\kuror\onedrive\documents\h\hew_sample04\main.h(4): fatal error C1083: include ファイルを開けません。'd3dx9.h':No such file or directory
  myDirect3D.cpp
c:\users\kuror\onedrive\documents\h\hew_sample04\mydirect3d.h(6): fatal error C1083: include ファイルを開けません。'd3dx9.h':No such file or directory
  number.cpp
  player.cpp
c:\users\kuror\onedrive\documents\h\hew_sample04\collision.h(3): fatal error C1083: include ファイルを開けません。'd3dx9.h':No such file or directory
  result.cpp
c:\users\kuror\onedrive\documents\h\hew_sample04\scene.h(10): warning C4091: 'typedef ': 変数が何も宣言されていないときは、'SCENE_INDEX' の左辺を無視します。
  scene.cpp
c:\users\kuror\onedrive\documents\h\hew_sample04\scene.h(10): warning C4091: 'typedef ': 変数が何も宣言されていないときは、'SCENE_INDEX' の左辺を無視します。
  score_draw.cpp
  sound.cpp
  sprite.cpp
c:\users\kuror\onedrive\documents\h\hew_sample04\sprite.cpp(1): fatal error C1083: include ファイルを開けません。'd3dx9.h':No such file or directory
  table.cpp
c:\users\kuror\onedrive\documents\h\hew_sample04\table.h(3): fatal error C1083: include ファイルを開けません。'd3dx9.h':No such file or directory
  texture.cpp
c:\users\kuror\onedrive\documents\h\hew_sample04\texture.cpp(1): fatal error C1083: include ファイルを開けません。'd3dx9.h':No such file or directory
  コードを生成中...
  コンパイル中...
  tileMap.cpp
c:\users\kuror\onedrive\documents\h\hew_sample04\main.h(4): fatal error C1083: include ファイルを開けません。'd3dx9.h':No such file or directory
  title.cpp
c:\users\kuror\onedrive\documents\h\hew_sample04\scene.h(10): warning C4091: 'typedef ': 変数が何も宣言されていないときは、'SCENE_INDEX' の左辺を無視します。
  コードを生成中...
